<?xml version="1.0" encoding="UTF-8" ?>
<testsuites>
  <testsuite failures="1" hostname="DForce-Mayur" id="0" name="rsqasampleproj/tests" package="" skipped="0" tests="1" time="607.345" timestamp="Mon Apr 25 19:44:30 IST 2022">
	    <properties>
		      <property name="excludeCallableTestCases" value="false" />

		      <property name="testEnvironment" value="AutomationOrg" />

		      <property name="pluginOutputLevel" value="WARNING" />

		      <property name="projectPath" value=".." />

		      <property name="salesforceMetadataCache" value="Reload" />

		      <property name="resultsPathDisposition" value="Increment" />

		      <property name="testOutputLevel" value="INFO" />

		      <property name="webBrowserType" value="Chrome" />

		      <property name="resultsPath" value="../ANT/R-POAPMATCH_Postpayment" />

		      <property name="webBrowserConfiguration" value="Full Screen" />

		      <property name="projectCachePath" value="D:\provar\rsqasampleproj\rsqasampleproj\ANT\..\.provarCaches" />

	    </properties>

	    <testcase classname="tests/PO_SYDATA\API_PO-POAPMATCH-Postpayment.testcase" name="API_PO-POAPMATCH-Postpayment.testcase" time="607.345">
		      <failure message="Execution failed"><![CDATA[The workbook path is required.]]></failure>

	    </testcase>

  </testsuite>
</testsuites>
