<?xml version="1.0" encoding="UTF-8" ?>
<testsuites>
  <testsuite failures="0" hostname="DForce-Mayur" id="0" name="rsqasampleproj/tests" package="" skipped="0" tests="0" time="1.650896E9" timestamp="Thu Jan 01 05:30:00 IST 1970">
	    <properties>
		      <property name="excludeCallableTestCases" value="false" />

		      <property name="testEnvironment" value="AutomationOrg" />

		      <property name="pluginOutputLevel" value="WARNING" />

		      <property name="projectPath" value=".." />

		      <property name="salesforceMetadataCache" value="Reload" />

		      <property name="resultsPathDisposition" value="Increment" />

		      <property name="testOutputLevel" value="INFO" />

		      <property name="webBrowserType" value="Chrome" />

		      <property name="resultsPath" value="../ANT/R-Cash_Receipts" />

		      <property name="webBrowserConfiguration" value="Full Screen" />

		      <property name="projectCachePath" value="D:\provar\rsqasampleproj\rsqasampleproj\ANT\..\.provarCaches" />

	    </properties>

  </testsuite>
</testsuites>
